<?xml version="1.0" encoding="UTF-8"?>
<testsuite xmlns:xsi="http://www.w3.org/2001/XMLSchema-instance" xsi:noNamespaceSchemaLocation="https://maven.apache.org/surefire/maven-surefire-plugin/xsd/surefire-test-report-3.0.xsd" version="3.0" name="TestSuite" time="22.536" tests="2" errors="0" skipped="0" failures="2">
  <properties>
[...]
</properties>
  <testcase name="runScenario[&quot;New User Registration&quot;, &quot;Optional[Verify the UAT Test case 01]&quot;](1)" classname="runners.TestRunner" time="11.166">
    <failure message="no such window: target window already closed&#10;from unknown error: web view not found&#10;  (Session info: MicrosoftEdge=113.0.1774.35)&#10;Build info: version: &apos;4.8.2&apos;, revision: &apos;826dbfc730&apos;&#10;System info: os.name: &apos;Windows 10&apos;, os.arch: &apos;amd64&apos;, os.version: &apos;10.0&apos;, java.version: &apos;11&apos;&#10;Driver info: org.openqa.selenium.edge.EdgeDriver&#10;Command: [b35b32d0275d169c281c2fae7d6bd47c, findElement {using=link text, value=Register}]&#10;Capabilities {acceptInsecureCerts: false, browserName: msedge, browserVersion: 113.0.1774.35, ms:edgeOptions: {debuggerAddress: localhost:54183}, msedge: {msedgedriverVersion: 113.0.1774.35 (7069649d6056..., userDataDir: C:\Users\ABHISH~1\AppData\L...}, networkConnectionEnabled: false, pageLoadStrategy: normal, platformName: WINDOWS, proxy: Proxy(), se:cdp: ws://localhost:54183/devtoo..., se:cdpVersion: 113.0.1774.35, setWindowRect: true, strictFileInteractability: false, timeouts: {implicit: 0, pageLoad: 300000, script: 30000}, unhandledPromptBehavior: dismiss and notify, webauthn:extension:credBlob: true, webauthn:extension:largeBlob: true, webauthn:extension:minPinLength: true, webauthn:extension:prf: true, webauthn:virtualAuthenticators: true}&#10;Session ID: b35b32d0275d169c281c2fae7d6bd47c" type="org.openqa.selenium.NoSuchWindowException"><![CDATA[org.openqa.selenium.NoSuchWindowException: 
no such window: target window already closed
from unknown error: web view not found
  (Session info: MicrosoftEdge=113.0.1774.35)
Build info: version: '4.8.2', revision: '826dbfc730'
System info: os.name: 'Windows 10', os.arch: 'amd64', os.version: '10.0', java.version: '11'
Driver info: org.openqa.selenium.edge.EdgeDriver
Command: [b35b32d0275d169c281c2fae7d6bd47c, findElement {using=link text, value=Register}]
Capabilities {acceptInsecureCerts: false, browserName: msedge, browserVersion: 113.0.1774.35, ms:edgeOptions: {debuggerAddress: localhost:54183}, msedge: {msedgedriverVersion: 113.0.1774.35 (7069649d6056..., userDataDir: C:\Users\ABHISH~1\AppData\L...}, networkConnectionEnabled: false, pageLoadStrategy: normal, platformName: WINDOWS, proxy: Proxy(), se:cdp: ws://localhost:54183/devtoo..., se:cdpVersion: 113.0.1774.35, setWindowRect: true, strictFileInteractability: false, timeouts: {implicit: 0, pageLoad: 300000, script: 30000}, unhandledPromptBehavior: dismiss and notify, webauthn:extension:credBlob: true, webauthn:extension:largeBlob: true, webauthn:extension:minPinLength: true, webauthn:extension:prf: true, webauthn:virtualAuthenticators: true}
Session ID: b35b32d0275d169c281c2fae7d6bd47c
]]></failure>
    <system-out><![CDATA[
Scenario Outline: New User Registration                      # src/test/resources/features/01UATTestCase.feature:14
Launching edge browser...
Starting Driver: EdgeDriver: msedge on WINDOWS (b35b32d0275d169c281c2fae7d6bd47c)
  Given user will navigate to the registration page          # stepdefinitions.UAT01Steps.userWillNavigateToTheRegistrationPage()
      org.openqa.selenium.NoSuchWindowException: no such window: target window already closed
from unknown error: web view not found
  (Session info: MicrosoftEdge=113.0.1774.35)
Build info: version: '4.8.2', revision: '826dbfc730'
System info: os.name: 'Windows 10', os.arch: 'amd64', os.version: '10.0', java.version: '11'
Driver info: org.openqa.selenium.edge.EdgeDriver
Command: [b35b32d0275d169c281c2fae7d6bd47c, findElement {using=link text, value=Register}]
Capabilities {acceptInsecureCerts: false, browserName: msedge, browserVersion: 113.0.1774.35, ms:edgeOptions: {debuggerAddress: localhost:54183}, msedge: {msedgedriverVersion: 113.0.1774.35 (7069649d6056..., userDataDir: C:\Users\ABHISH~1\AppData\L...}, networkConnectionEnabled: false, pageLoadStrategy: normal, platformName: WINDOWS, proxy: Proxy(), se:cdp: ws://localhost:54183/devtoo..., se:cdpVersion: 113.0.1774.35, setWindowRect: true, strictFileInteractability: false, timeouts: {implicit: 0, pageLoad: 300000, script: 30000}, unhandledPromptBehavior: dismiss and notify, webauthn:extension:credBlob: true, webauthn:extension:largeBlob: true, webauthn:extension:minPinLength: true, webauthn:extension:prf: true, webauthn:virtualAuthenticators: true}
Session ID: b35b32d0275d169c281c2fae7d6bd47c
	at java.base/jdk.internal.reflect.NativeConstructorAccessorImpl.newInstance0(Native Method)
	at java.base/jdk.internal.reflect.NativeConstructorAccessorImpl.newInstance(NativeConstructorAccessorImpl.java:62)
	at java.base/jdk.internal.reflect.DelegatingConstructorAccessorImpl.newInstance(DelegatingConstructorAccessorImpl.java:45)
	at java.base/java.lang.reflect.Constructor.newInstance(Constructor.java:490)
	at org.openqa.selenium.remote.codec.w3c.W3CHttpResponseCodec.createException(W3CHttpResponseCodec.java:200)
	at org.openqa.selenium.remote.codec.w3c.W3CHttpResponseCodec.decode(W3CHttpResponseCodec.java:133)
	at org.openqa.selenium.remote.codec.w3c.W3CHttpResponseCodec.decode(W3CHttpResponseCodec.java:53)
	at org.openqa.selenium.remote.HttpCommandExecutor.execute(HttpCommandExecutor.java:193)
	at org.openqa.selenium.remote.service.DriverCommandExecutor.invokeExecute(DriverCommandExecutor.java:183)
	at org.openqa.selenium.remote.service.DriverCommandExecutor.execute(DriverCommandExecutor.java:158)
	at org.openqa.selenium.remote.RemoteWebDriver.execute(RemoteWebDriver.java:543)
	at org.openqa.selenium.remote.ElementLocation$ElementFinder$2.findElement(ElementLocation.java:162)
	at org.openqa.selenium.remote.ElementLocation.findElement(ElementLocation.java:60)
	at org.openqa.selenium.remote.RemoteWebDriver.findElement(RemoteWebDriver.java:352)
	at org.openqa.selenium.remote.RemoteWebDriver.findElement(RemoteWebDriver.java:344)
	at stepdefinitions.UAT01Steps.userWillNavigateToTheRegistrationPage(UAT01Steps.java:31)
	at âœ½.user will navigate to the registration page(file:///C:/Users/Abhishek_Gupta3/IdeaProjects/CLPAutomation/src/test/resources/features/01UATTestCase.feature:4)

  When user will enter the personal information              # stepdefinitions.UAT01Steps.userWillEnterThePersonalInformation()
  And user will select the title                             # stepdefinitions.UAT01Steps.userWillSelectTheTitle()
  And user will enter the name "Test" and "LastTest"         # stepdefinitions.UAT01Steps.userWillEnterTheAndName(java.lang.String,java.lang.String)
  And user will enter the "a@gmail.com"                      # stepdefinitions.UAT01Steps.userWillEnterThe(java.lang.String)
  And user will enter the password "Test@123" and "Test@123" # stepdefinitions.UAT01Steps.userWillEnterThePasswordAnd(java.lang.String,java.lang.String)
  And user will click on the check box                       # stepdefinitions.UAT01Steps.userWillClickOnTheCheckBox()
  Then user account created                                  # stepdefinitions.UAT01Steps.userAccountCreated()
      org.openqa.selenium.NoSuchWindowException: no such window: target window already closed
from unknown error: web view not found
  (Session info: MicrosoftEdge=113.0.1774.35)
Build info: version: '4.8.2', revision: '826dbfc730'
System info: os.name: 'Windows 10', os.arch: 'amd64', os.version: '10.0', java.version: '11'
Driver info: org.openqa.selenium.edge.EdgeDriver
Command: [b35b32d0275d169c281c2fae7d6bd47c, screenshot {}]
Capabilities {acceptInsecureCerts: false, browserName: msedge, browserVersion: 113.0.1774.35, ms:edgeOptions: {debuggerAddress: localhost:54183}, msedge: {msedgedriverVersion: 113.0.1774.35 (7069649d6056..., userDataDir: C:\Users\ABHISH~1\AppData\L...}, networkConnectionEnabled: false, pageLoadStrategy: normal, platformName: WINDOWS, proxy: Proxy(), se:cdp: ws://localhost:54183/devtoo..., se:cdpVersion: 113.0.1774.35, setWindowRect: true, strictFileInteractability: false, timeouts: {implicit: 0, pageLoad: 300000, script: 30000}, unhandledPromptBehavior: dismiss and notify, webauthn:extension:credBlob: true, webauthn:extension:largeBlob: true, webauthn:extension:minPinLength: true, webauthn:extension:prf: true, webauthn:virtualAuthenticators: true}
Session ID: b35b32d0275d169c281c2fae7d6bd47c
	at java.base/jdk.internal.reflect.NativeConstructorAccessorImpl.newInstance0(Native Method)
	at java.base/jdk.internal.reflect.NativeConstructorAccessorImpl.newInstance(NativeConstructorAccessorImpl.java:62)
	at java.base/jdk.internal.reflect.DelegatingConstructorAccessorImpl.newInstance(DelegatingConstructorAccessorImpl.java:45)
	at java.base/java.lang.reflect.Constructor.newInstance(Constructor.java:490)
	at org.openqa.selenium.remote.codec.w3c.W3CHttpResponseCodec.createException(W3CHttpResponseCodec.java:200)
	at org.openqa.selenium.remote.codec.w3c.W3CHttpResponseCodec.decode(W3CHttpResponseCodec.java:133)
	at org.openqa.selenium.remote.codec.w3c.W3CHttpResponseCodec.decode(W3CHttpResponseCodec.java:53)
	at org.openqa.selenium.remote.HttpCommandExecutor.execute(HttpCommandExecutor.java:193)
	at org.openqa.selenium.remote.service.DriverCommandExecutor.invokeExecute(DriverCommandExecutor.java:183)
	at org.openqa.selenium.remote.service.DriverCommandExecutor.execute(DriverCommandExecutor.java:158)
	at org.openqa.selenium.remote.RemoteWebDriver.execute(RemoteWebDriver.java:543)
	at org.openqa.selenium.remote.RemoteWebDriver.execute(RemoteWebDriver.java:598)
	at org.openqa.selenium.remote.RemoteWebDriver.execute(RemoteWebDriver.java:602)
	at org.openqa.selenium.remote.RemoteWebDriver.getScreenshotAs(RemoteWebDriver.java:318)
	at stepdefinitions.Hooks.afterScenario(Hooks.java:26)

]]></system-out>
    <system-err><![CDATA[[main] INFO io.github.bonigarcia.wdm.WebDriverManager - Using msedgedriver 113.0.1774.35 (resolved driver for Edge 113)
[main] INFO io.github.bonigarcia.wdm.WebDriverManager - Exporting webdriver.edge.driver as C:\Users\Abhishek_Gupta3\.cache\selenium\msedgedriver\win64\113.0.1774.35\msedgedriver.exe
Starting Microsoft Edge WebDriver 113.0.1774.35 (7069649d605643a097c48b2aca67b600bc362a4f) on port 16869
To submit feedback, report a bug, or suggest new features, please visit https://github.com/MicrosoftEdge/EdgeWebDriver

Only local connections are allowed.
Please see https://aka.ms/WebDriverSecurity for suggestions on keeping Microsoft Edge WebDriver safe.

Microsoft Edge WebDriver was started successfully.
May 12, 2023 5:41:50 PM org.openqa.selenium.devtools.CdpVersionFinder findNearestMatch
WARNING: Unable to find an exact match for CDP version 113, so returning the closest version found: 111
]]></system-err>
  </testcase>
  <testcase name="runScenario[&quot;Login page to CLPdomeo&quot;, &quot;Optional[Verify the UAT Test case 01]&quot;](2)" classname="runners.TestRunner" time="4.84">
    <failure message="no such window: target window already closed&#10;from unknown error: web view not found&#10;  (Session info: MicrosoftEdge=113.0.1774.35)&#10;Build info: version: &apos;4.8.2&apos;, revision: &apos;826dbfc730&apos;&#10;System info: os.name: &apos;Windows 10&apos;, os.arch: &apos;amd64&apos;, os.version: &apos;10.0&apos;, java.version: &apos;11&apos;&#10;Driver info: org.openqa.selenium.edge.EdgeDriver&#10;Command: [6d2f544ff8ab9663ece2fb2f6ee2a23c, findElement {using=link text, value=Login}]&#10;Capabilities {acceptInsecureCerts: false, browserName: msedge, browserVersion: 113.0.1774.35, ms:edgeOptions: {debuggerAddress: localhost:54244}, msedge: {msedgedriverVersion: 113.0.1774.35 (7069649d6056..., userDataDir: C:\Users\ABHISH~1\AppData\L...}, networkConnectionEnabled: false, pageLoadStrategy: normal, platformName: WINDOWS, proxy: Proxy(), se:cdp: ws://localhost:54244/devtoo..., se:cdpVersion: 113.0.1774.35, setWindowRect: true, strictFileInteractability: false, timeouts: {implicit: 0, pageLoad: 300000, script: 30000}, unhandledPromptBehavior: dismiss and notify, webauthn:extension:credBlob: true, webauthn:extension:largeBlob: true, webauthn:extension:minPinLength: true, webauthn:extension:prf: true, webauthn:virtualAuthenticators: true}&#10;Session ID: 6d2f544ff8ab9663ece2fb2f6ee2a23c" type="org.openqa.selenium.NoSuchWindowException"><![CDATA[org.openqa.selenium.NoSuchWindowException: 
no such window: target window already closed
from unknown error: web view not found
  (Session info: MicrosoftEdge=113.0.1774.35)
Build info: version: '4.8.2', revision: '826dbfc730'
System info: os.name: 'Windows 10', os.arch: 'amd64', os.version: '10.0', java.version: '11'
Driver info: org.openqa.selenium.edge.EdgeDriver
Command: [6d2f544ff8ab9663ece2fb2f6ee2a23c, findElement {using=link text, value=Login}]
Capabilities {acceptInsecureCerts: false, browserName: msedge, browserVersion: 113.0.1774.35, ms:edgeOptions: {debuggerAddress: localhost:54244}, msedge: {msedgedriverVersion: 113.0.1774.35 (7069649d6056..., userDataDir: C:\Users\ABHISH~1\AppData\L...}, networkConnectionEnabled: false, pageLoadStrategy: normal, platformName: WINDOWS, proxy: Proxy(), se:cdp: ws://localhost:54244/devtoo..., se:cdpVersion: 113.0.1774.35, setWindowRect: true, strictFileInteractability: false, timeouts: {implicit: 0, pageLoad: 300000, script: 30000}, unhandledPromptBehavior: dismiss and notify, webauthn:extension:credBlob: true, webauthn:extension:largeBlob: true, webauthn:extension:minPinLength: true, webauthn:extension:prf: true, webauthn:virtualAuthenticators: true}
Session ID: 6d2f544ff8ab9663ece2fb2f6ee2a23c
]]></failure>
    <system-out><![CDATA[
Scenario Outline: Login page to CLPdomeo                                           # src/test/resources/features/01UATTestCase.feature:27
Launching edge browser...
Starting Driver: EdgeDriver: msedge on WINDOWS (6d2f544ff8ab9663ece2fb2f6ee2a23c)
Driver on Steps class: EdgeDriver: msedge on WINDOWS (6d2f544ff8ab9663ece2fb2f6ee2a23c)
  Given user navigate to url "https://www.clpdomeo.com/en/"                        # stepdefinitions.LoginSteps.userNavigateToUrl(java.lang.String)
  Then user on the login page                                                      # stepdefinitions.LoginSteps.userOnTheLoginPage()
      org.openqa.selenium.NoSuchWindowException: no such window: target window already closed
from unknown error: web view not found
  (Session info: MicrosoftEdge=113.0.1774.35)
Build info: version: '4.8.2', revision: '826dbfc730'
System info: os.name: 'Windows 10', os.arch: 'amd64', os.version: '10.0', java.version: '11'
Driver info: org.openqa.selenium.edge.EdgeDriver
Command: [6d2f544ff8ab9663ece2fb2f6ee2a23c, findElement {using=link text, value=Login}]
Capabilities {acceptInsecureCerts: false, browserName: msedge, browserVersion: 113.0.1774.35, ms:edgeOptions: {debuggerAddress: localhost:54244}, msedge: {msedgedriverVersion: 113.0.1774.35 (7069649d6056..., userDataDir: C:\Users\ABHISH~1\AppData\L...}, networkConnectionEnabled: false, pageLoadStrategy: normal, platformName: WINDOWS, proxy: Proxy(), se:cdp: ws://localhost:54244/devtoo..., se:cdpVersion: 113.0.1774.35, setWindowRect: true, strictFileInteractability: false, timeouts: {implicit: 0, pageLoad: 300000, script: 30000}, unhandledPromptBehavior: dismiss and notify, webauthn:extension:credBlob: true, webauthn:extension:largeBlob: true, webauthn:extension:minPinLength: true, webauthn:extension:prf: true, webauthn:virtualAuthenticators: true}
Session ID: 6d2f544ff8ab9663ece2fb2f6ee2a23c
	at java.base/jdk.internal.reflect.NativeConstructorAccessorImpl.newInstance0(Native Method)
	at java.base/jdk.internal.reflect.NativeConstructorAccessorImpl.newInstance(NativeConstructorAccessorImpl.java:62)
	at java.base/jdk.internal.reflect.DelegatingConstructorAccessorImpl.newInstance(DelegatingConstructorAccessorImpl.java:45)
	at java.base/java.lang.reflect.Constructor.newInstance(Constructor.java:490)
	at org.openqa.selenium.remote.codec.w3c.W3CHttpResponseCodec.createException(W3CHttpResponseCodec.java:200)
	at org.openqa.selenium.remote.codec.w3c.W3CHttpResponseCodec.decode(W3CHttpResponseCodec.java:133)
	at org.openqa.selenium.remote.codec.w3c.W3CHttpResponseCodec.decode(W3CHttpResponseCodec.java:53)
	at org.openqa.selenium.remote.HttpCommandExecutor.execute(HttpCommandExecutor.java:193)
	at org.openqa.selenium.remote.service.DriverCommandExecutor.invokeExecute(DriverCommandExecutor.java:183)
	at org.openqa.selenium.remote.service.DriverCommandExecutor.execute(DriverCommandExecutor.java:158)
	at org.openqa.selenium.remote.RemoteWebDriver.execute(RemoteWebDriver.java:543)
	at org.openqa.selenium.remote.ElementLocation$ElementFinder$2.findElement(ElementLocation.java:162)
	at org.openqa.selenium.remote.ElementLocation.findElement(ElementLocation.java:60)
	at org.openqa.selenium.remote.RemoteWebDriver.findElement(RemoteWebDriver.java:352)
	at org.openqa.selenium.remote.RemoteWebDriver.findElement(RemoteWebDriver.java:344)
	at stepdefinitions.LoginSteps.userOnTheLoginPage(LoginSteps.java:23)
	at âœ½.user on the login page(file:///C:/Users/Abhishek_Gupta3/IdeaProjects/CLPAutomation/src/test/resources/features/01UATTestCase.feature:21)

  When user enter username "abhishektesting183@gmail.com" and password "Master@07" # stepdefinitions.LoginSteps.userEnterUsernameAndPassword(java.lang.String,java.lang.String)
  And click login button                                                           # stepdefinitions.LoginSteps.clickLoginButton()
  Then The user redirect to Dashboard page                                         # stepdefinitions.LoginSteps.theUserRedirectToDashboardPage()
      org.openqa.selenium.NoSuchWindowException: no such window: target window already closed
from unknown error: web view not found
  (Session info: MicrosoftEdge=113.0.1774.35)
Build info: version: '4.8.2', revision: '826dbfc730'
System info: os.name: 'Windows 10', os.arch: 'amd64', os.version: '10.0', java.version: '11'
Driver info: org.openqa.selenium.edge.EdgeDriver
Command: [6d2f544ff8ab9663ece2fb2f6ee2a23c, screenshot {}]
Capabilities {acceptInsecureCerts: false, browserName: msedge, browserVersion: 113.0.1774.35, ms:edgeOptions: {debuggerAddress: localhost:54244}, msedge: {msedgedriverVersion: 113.0.1774.35 (7069649d6056..., userDataDir: C:\Users\ABHISH~1\AppData\L...}, networkConnectionEnabled: false, pageLoadStrategy: normal, platformName: WINDOWS, proxy: Proxy(), se:cdp: ws://localhost:54244/devtoo..., se:cdpVersion: 113.0.1774.35, setWindowRect: true, strictFileInteractability: false, timeouts: {implicit: 0, pageLoad: 300000, script: 30000}, unhandledPromptBehavior: dismiss and notify, webauthn:extension:credBlob: true, webauthn:extension:largeBlob: true, webauthn:extension:minPinLength: true, webauthn:extension:prf: true, webauthn:virtualAuthenticators: true}
Session ID: 6d2f544ff8ab9663ece2fb2f6ee2a23c
	at java.base/jdk.internal.reflect.NativeConstructorAccessorImpl.newInstance0(Native Method)
	at java.base/jdk.internal.reflect.NativeConstructorAccessorImpl.newInstance(NativeConstructorAccessorImpl.java:62)
	at java.base/jdk.internal.reflect.DelegatingConstructorAccessorImpl.newInstance(DelegatingConstructorAccessorImpl.java:45)
	at java.base/java.lang.reflect.Constructor.newInstance(Constructor.java:490)
	at org.openqa.selenium.remote.codec.w3c.W3CHttpResponseCodec.createException(W3CHttpResponseCodec.java:200)
	at org.openqa.selenium.remote.codec.w3c.W3CHttpResponseCodec.decode(W3CHttpResponseCodec.java:133)
	at org.openqa.selenium.remote.codec.w3c.W3CHttpResponseCodec.decode(W3CHttpResponseCodec.java:53)
	at org.openqa.selenium.remote.HttpCommandExecutor.execute(HttpCommandExecutor.java:193)
	at org.openqa.selenium.remote.service.DriverCommandExecutor.invokeExecute(DriverCommandExecutor.java:183)
	at org.openqa.selenium.remote.service.DriverCommandExecutor.execute(DriverCommandExecutor.java:158)
	at org.openqa.selenium.remote.RemoteWebDriver.execute(RemoteWebDriver.java:543)
	at org.openqa.selenium.remote.RemoteWebDriver.execute(RemoteWebDriver.java:598)
	at org.openqa.selenium.remote.RemoteWebDriver.execute(RemoteWebDriver.java:602)
	at org.openqa.selenium.remote.RemoteWebDriver.getScreenshotAs(RemoteWebDriver.java:318)
	at stepdefinitions.Hooks.afterScenario(Hooks.java:26)

]]></system-out>
    <system-err><![CDATA[[main] INFO io.github.bonigarcia.wdm.WebDriverManager - Using msedgedriver 113.0.1774.35 (resolved driver for Edge 113)
[main] INFO io.github.bonigarcia.wdm.WebDriverManager - Exporting webdriver.edge.driver as C:\Users\Abhishek_Gupta3\.cache\selenium\msedgedriver\win64\113.0.1774.35\msedgedriver.exe
Starting Microsoft Edge WebDriver 113.0.1774.35 (7069649d605643a097c48b2aca67b600bc362a4f) on port 4789
To submit feedback, report a bug, or suggest new features, please visit https://github.com/MicrosoftEdge/EdgeWebDriver

Only local connections are allowed.
Please see https://aka.ms/WebDriverSecurity for suggestions on keeping Microsoft Edge WebDriver safe.

Microsoft Edge WebDriver was started successfully.
May 12, 2023 5:42:00 PM org.openqa.selenium.devtools.CdpVersionFinder findNearestMatch
WARNING: Unable to find an exact match for CDP version 113, so returning the closest version found: 111
]]></system-err>
  </testcase>
</testsuite>